<?xml version="1.0" encoding="UTF-8"?>
<!-- Generated by org.testng.reporters.JUnitReportReporter -->
<testsuite hostname="SNSBACKUPASANI01" failures="0" tests="1" name="qaautomation.august2021.AppTest" time="0.025" errors="0" timestamp="2021-09-19T09:55:56 WIB" skipped="0">
  <testcase classname="qaautomation.august2021.AppTest" name="test" time="0.025"/>
  <system-out/>
</testsuite> <!-- qaautomation.august2021.AppTest -->
